<?xml version="1.0" encoding="utf-8"?><testsuites name="pytest tests"><testsuite name="pytest" errors="0" failures="0" skipped="0" tests="25" time="42.402" timestamp="2026-06-15T06:35:55.694366+00:00" hostname="agent-env-45bfd1da-475a-4e95-b013-b0dacd88f393"><testcase classname="backend.tests.test_synkdata" name="test_health" time="0.148" /><testcase classname="backend.tests.test_synkdata" name="test_root" time="0.130" /><testcase classname="backend.tests.test_synkdata" name="test_login_invalid_credentials" time="0.326" /><testcase classname="backend.tests.test_synkdata" name="test_auth_me_with_token" time="0.498" /><testcase classname="backend.tests.test_synkdata" name="test_auth_me_without_token" time="0.100" /><testcase classname="backend.tests.test_synkdata" name="test_auth_me_invalid_token" time="0.135" /><testcase classname="backend.tests.test_synkdata" name="test_register_new_user" time="0.468" /><testcase classname="backend.tests.test_synkdata" name="test_curp_invalid_format" time="0.118" /><testcase classname="backend.tests.test_synkdata" name="test_curp_bad_check_digit" time="0.095" /><testcase classname="backend.tests.test_synkdata" name="test_rfc_valid_persona_fisica" time="0.099" /><testcase classname="backend.tests.test_synkdata" name="test_rfc_invalid" time="0.109" /><testcase classname="backend.tests.test_synkdata" name="test_sanctions_el_chapo" time="0.114" /><testcase classname="backend.tests.test_synkdata" name="test_sanctions_amlo_is_pep" time="0.098" /><testcase classname="backend.tests.test_synkdata" name="test_sanctions_random_name" time="0.096" /><testcase classname="backend.tests.test_synkdata" name="test_sanctions_lists_public" time="0.092" /><testcase classname="backend.tests.test_synkdata" name="test_check_master_create" time="38.616" /><testcase classname="backend.tests.test_synkdata" name="test_check_ai_report" time="0.000" /><testcase classname="backend.tests.test_synkdata" name="test_check_persisted_get" time="0.150" /><testcase classname="backend.tests.test_synkdata" name="test_check_list" time="0.103" /><testcase classname="backend.tests.test_synkdata" name="test_check_list_search_q" time="0.159" /><testcase classname="backend.tests.test_synkdata" name="test_check_list_risk_level_filter" time="0.097" /><testcase classname="backend.tests.test_synkdata" name="test_analytics_dashboard" time="0.100" /><testcase classname="backend.tests.test_synkdata" name="test_digital_email" time="0.097" /><testcase classname="backend.tests.test_synkdata" name="test_digital_phone" time="0.096" /><testcase classname="backend.tests.test_synkdata" name="test_digital_username" time="0.111" /></testsuite></testsuites>